ver=5.17.4                                   

sudo apt install linux-image-"$ver"-surface linux-headers-"$ver"-surface

Reading package lists... Done
Building dependency tree... Done
Reading state information... Done
The following packages were automatically installed and are no longer required:
  pastebinit python3-distro python3-newt
Use 'sudo apt autoremove' to remove them.
The following NEW packages will be installed:
  linux-headers-5.17.4-surface linux-image-5.17.4-surface
0 upgraded, 2 newly installed, 0 to remove and 25 not upgraded.
Need to get 78.0 MB of archives.
After this operation, 381 MB of additional disk space will be used.
Get:1 https://pkg.surfacelinux.com/debian release/main amd64 linux-headers-5.17.4-surface amd64 5.17.4-surface-1 [8,639 kB]
Get:2 https://pkg.surfacelinux.com/debian release/main amd64 linux-image-5.17.4-surface amd64 5.17.4-surface-1 [69.4 MB]
Fetched 78.0 MB in 9s (9,085 kB/s)                                                                                                                                                    
Selecting previously unselected package linux-headers-5.17.4-surface.
(Reading database ... 470095 files and directories currently installed.)
Preparing to unpack .../linux-headers-5.17.4-surface_5.17.4-surface-1_amd64.deb ...
Unpacking linux-headers-5.17.4-surface (5.17.4-surface-1) ...
Selecting previously unselected package linux-image-5.17.4-surface.
Preparing to unpack .../linux-image-5.17.4-surface_5.17.4-surface-1_amd64.deb ...
Unpacking linux-image-5.17.4-surface (5.17.4-surface-1) ...
Setting up linux-image-5.17.4-surface (5.17.4-surface-1) ...
dkms: running auto installation service for kernel 5.17.4-surface:
Kernel preparation unnecessary for this kernel. Skipping...

Running the pre_build script:
checking for gawk... gawk
checking metadata... META file
checking build system type... x86_64-pc-linux-gnu
checking host system type... x86_64-pc-linux-gnu
checking target system type... x86_64-pc-linux-gnu
checking whether to enable maintainer-specific portions of Makefiles... no
checking whether make supports nested variables... yes
checking for a BSD-compatible install... /bin/install -c
checking whether build environment is sane... yes
checking for a race-free mkdir -p... /bin/mkdir -p
checking whether make sets $(MAKE)... yes
checking how to print strings... printf
checking whether make supports the include directive... yes (GNU style)
checking for gcc... gcc
checking whether the C compiler works... yes
checking for C compiler default output file name... a.out
checking for suffix of executables... 
checking whether we are cross compiling... no
checking for suffix of object files... o
checking whether the compiler supports GNU C... yes
checking whether gcc accepts -g... yes
checking for gcc option to enable C11 features... none needed
checking whether gcc understands -c and -o together... yes
checking dependency style of gcc... none
checking for a sed that does not truncate output... /bin/sed
checking for grep that handles long lines and -e... /bin/grep
checking for egrep... /bin/grep -E
checking for fgrep... /bin/grep -F
checking for ld used by gcc... /bin/ld
checking if the linker (/bin/ld) is GNU ld... yes
checking for BSD- or MS-compatible name lister (nm)... /bin/nm -B
checking the name lister (/bin/nm -B) interface... BSD nm
checking whether ln -s works... yes
checking the maximum length of command line arguments... 1572864
checking how to convert x86_64-pc-linux-gnu file names to x86_64-pc-linux-gnu format... func_convert_file_noop
checking how to convert x86_64-pc-linux-gnu file names to toolchain format... func_convert_file_noop
checking for /bin/ld option to reload object files... -r
checking for file... file
checking for objdump... objdump
checking how to recognize dependent libraries... pass_all
checking for dlltool... no
checking how to associate runtime and link libraries... printf %s\n
checking for ar... ar
checking for archiver @FILE support... @
checking for strip... strip
checking for ranlib... ranlib
checking command to parse /bin/nm -B output from gcc object... ok
checking for sysroot... no
checking for a working dd... /bin/dd
checking how to truncate binary pipes... /bin/dd bs=4096 count=1
checking for mt... mt
checking if mt is a manifest tool... no
checking for stdio.h... yes
checking for stdlib.h... yes
checking for string.h... yes
checking for inttypes.h... yes
checking for stdint.h... yes
checking for strings.h... yes
checking for sys/stat.h... yes
checking for sys/types.h... yes
checking for unistd.h... yes
checking for dlfcn.h... yes
checking for objdir... .libs
checking if gcc supports -fno-rtti -fno-exceptions... no
checking for gcc option to produce PIC... -fPIC -DPIC
checking if gcc PIC flag -fPIC -DPIC works... yes
checking if gcc static flag -static works... yes
checking if gcc supports -c -o file.o... yes
checking if gcc supports -c -o file.o... (cached) yes
checking whether the gcc linker (/bin/ld -m elf_x86_64) supports shared libraries... yes
checking whether -lc should be explicitly linked in... no
checking dynamic linker characteristics... GNU/Linux ld.so
checking how to hardcode library paths into programs... immediate
checking whether stripping libraries is possible... yes
checking if libtool supports shared libraries... yes
checking whether to build shared libraries... yes
checking whether to build static libraries... yes
checking for gcc... (cached) gcc
checking whether the compiler supports GNU C... (cached) yes
checking whether gcc accepts -g... (cached) yes
checking for gcc option to enable C11 features... (cached) none needed
checking whether gcc understands -c and -o together... (cached) yes
checking dependency style of gcc... (cached) none
checking whether ln -s works... yes
checking for pkg-config... /bin/pkg-config
checking pkg-config is at least version 0.9.0... yes
checking dependency style of gcc... none
checking whether to build with code coverage support... no
checking how to create a pax tar archive... gnutar
checking zfs author... OpenZFS
checking zfs license... CDDL
checking whether NLS is requested... yes
checking for msgfmt... /bin/msgfmt
checking for gmsgfmt... /bin/msgfmt
checking for xgettext... /bin/xgettext
checking for msgmerge... /bin/msgmerge
checking for ld... /bin/ld -m elf_x86_64
checking if the linker (/bin/ld -m elf_x86_64) is GNU ld... yes
checking for shared library run path origin... done
checking 32-bit host C ABI... no
checking for the common suffixes of directories in the library search path... lib,lib
checking zfs config... kernel
checking the number of available CPUs... 8
checking whether gcc supports -Wno-unused-but-set-variable... yes
checking whether gcc supports -Wno-bool-compare... yes
checking whether gcc supports -Wimplicit-fallthrough... yes
checking whether gcc supports -Wframe-larger-than=<size>... yes
checking whether gcc supports -Wno-format-truncation... yes
checking whether gcc supports -Wno-format-zero-length... yes
checking whether gcc supports -fno-omit-frame-pointer... yes
checking whether gcc supports -fno-ipa-sra... yes
checking whether to build with -fsanitize=address support... no
checking whether host toolchain supports SSE... yes
checking whether host toolchain supports SSE2... yes
checking whether host toolchain supports SSE3... yes
checking whether host toolchain supports SSSE3... yes
checking whether host toolchain supports SSE4.1... yes
checking whether host toolchain supports SSE4.2... yes
checking whether host toolchain supports AVX... yes
checking whether host toolchain supports AVX2... yes
checking whether host toolchain supports AVX512F... yes
checking whether host toolchain supports AVX512CD... yes
checking whether host toolchain supports AVX512DQ... yes
checking whether host toolchain supports AVX512BW... yes
checking whether host toolchain supports AVX512IFMA... yes
checking whether host toolchain supports AVX512VBMI... yes
checking whether host toolchain supports AVX512PF... yes
checking whether host toolchain supports AVX512ER... yes
checking whether host toolchain supports AVX512VL... yes
checking whether host toolchain supports AES... yes
checking whether host toolchain supports PCLMULQDQ... yes
checking whether host toolchain supports MOVBE... yes
checking whether host toolchain supports XSAVE... yes
checking whether host toolchain supports XSAVEOPT... yes
checking whether host toolchain supports XSAVES... yes
checking for system type (linux-gnu)... Linux
checking for python3... python3
checking for python version... 3.10
checking for python platform... linux
checking for GNU default python prefix... ${prefix}
checking for GNU default python exec_prefix... ${exec_prefix}
checking for python script directory (pythondir)... ${PYTHON_PREFIX}/lib/python3.10/site-packages
checking for python extension module directory (pyexecdir)... ${PYTHON_EXEC_PREFIX}/lib/python3.10/site-packages
checking for python3 module: packaging... yes
checking for python3.10... /bin/python3.10
checking for a version of Python >= '2.1.0'... yes
checking for a version of Python >= '3.4.0'... yes
checking for the distutils Python package... yes
checking for Python include path... <string>:1: DeprecationWarning: The distutils package is deprecated and slated for removal in Python 3.12. Use setuptools or check PEP 632 for potential alternatives
<string>:1: DeprecationWarning: The distutils.sysconfig module is deprecated, use sysconfig instead
<string>:1: DeprecationWarning: The distutils package is deprecated and slated for removal in Python 3.12. Use setuptools or check PEP 632 for potential alternatives
<string>:1: DeprecationWarning: The distutils.sysconfig module is deprecated, use sysconfig instead
-I/usr/include/python3.10
checking for Python library path... <stdin>:4: DeprecationWarning: The distutils package is deprecated and slated for removal in Python 3.12. Use setuptools or check PEP 632 for potential alternatives
<stdin>:4: DeprecationWarning: The distutils.sysconfig module is deprecated, use sysconfig instead
<stdin>:3: DeprecationWarning: The distutils package is deprecated and slated for removal in Python 3.12. Use setuptools or check PEP 632 for potential alternatives
<stdin>:3: DeprecationWarning: The distutils.sysconfig module is deprecated, use sysconfig instead
<stdin>:2: DeprecationWarning: The distutils package is deprecated and slated for removal in Python 3.12. Use setuptools or check PEP 632 for potential alternatives
<stdin>:2: DeprecationWarning: The distutils.sysconfig module is deprecated, use sysconfig instead
-L/usr/lib/x86_64-linux-gnu -lpython3.10
checking for Python site-packages path... <string>:1: DeprecationWarning: The distutils package is deprecated and slated for removal in Python 3.12. Use setuptools or check PEP 632 for potential alternatives
<string>:1: DeprecationWarning: The distutils.sysconfig module is deprecated, use sysconfig instead
/usr/lib/python3/dist-packages
checking python extra libraries... <string>:1: DeprecationWarning: The distutils package is deprecated and slated for removal in Python 3.12. Use setuptools or check PEP 632 for potential alternatives
<string>:1: DeprecationWarning: The distutils.sysconfig module is deprecated, use sysconfig instead
-lcrypt -lpthread -ldl  -lutil -lm -lm
checking python extra linking flags... <string>:1: DeprecationWarning: The distutils package is deprecated and slated for removal in Python 3.12. Use setuptools or check PEP 632 for potential alternatives
<string>:1: DeprecationWarning: The distutils.sysconfig module is deprecated, use sysconfig instead
-Xlinker -export-dynamic -Wl,-O1 -Wl,-Bsymbolic-functions
checking consistency of all components of python development environment... yes
checking for python3.10 module: setuptools... yes
checking for python3.10 module: cffi... no
checking whether to enable pyzfs: ... no
checking for sed --in-place... --in-place
checking for cppcheck... no
checking for shellcheck... no
checking for checkbashisms... no
checking kernel source and build directories... done
checking kernel source directory... /lib/modules/5.17.4-surface/build
checking kernel build directory... /lib/modules/5.17.4-surface/build
checking kernel source version... 5.17.4-surface
checking kernel file name for module symbols... Module.symvers
checking whether modules can be built... yes
checking for kernel config option compatibility... done
checking whether mutex_lock() is GPL-only... no
checking whether CONFIG_TRIM_UNUSED_KSYM is disabled... yes
checking whether CONFIG_ZLIB_INFLATE is defined... yes
checking whether CONFIG_ZLIB_DEFLATE is defined... yes
checking whether fpu headers are available... asm/fpu/api.h
checking whether fpu/xcr header is available... asm/fpu/xcr.h
checking whether objtool header is available... linux/objtool.h
checking whether wait_queue_entry_t exists... yes
checking whether /dev/zfs minor is available... 249
checking whether DECLARE_EVENT_CLASS() is available... no
checking for available kernel interfaces... done
checking whether access_ok() has 'type' parameter... no
checking whether global_node_page_state() exists... yes
checking whether global_zone_page_state() exists... yes
checking whether enum node_stat_item contains NR_FILE_PAGES... yes
checking whether enum node_stat_item contains NR_INACTIVE_ANON... yes
checking whether enum node_stat_item contains NR_INACTIVE_FILE... yes
checking whether enum zone_stat_item contains NR_FILE_PAGES... no
checking whether enum zone_stat_item contains NR_INACTIVE_ANON... no
checking whether enum zone_stat_item contains NR_INACTIVE_FILE... no
checking whether global_page_state enums are sane... yes
checking whether compile-time stack validation (objtool) is available... yes
checking whether STACK_FRAME_NON_STANDARD is defined... yes
checking whether pde_data() is lowercase... yes
checking whether fops->fallocate() exists... yes
checking whether FALLOC_FL_ZERO_RANGE exists... yes
checking whether zlib_deflate_workspacesize() wants 2 args... yes
checking whether struct rw_semaphore has member activity... no
checking whether struct rw_semaphore has atomic_long_t member count... yes
checking whether header linux/sched/rt.h exists... yes
checking whether header linux/sched/signal.h exists... yes
checking whether io_schedule_timeout() is available... yes
checking whether usleep_range() is available... yes
checking whether kmem_cache_create_usercopy() exists... yes
checking whether kvmalloc(ptr, flags) is available... yes
checking whether __vmalloc(ptr, flags, pageflags) is available... no
checking whether wait_on_bit() takes an action... no
checking whether wq_head->head and wq_entry->entry exist... yes
checking whether timestamp_truncate() exists... yes
checking whether inode->i_*time's are timespec64... yes
checking whether inode_lock_shared() exists... yes
checking whether group_info->gid exists... yes
checking whether kernel_write() takes loff_t pointer... yes
checking whether kernel_read() takes loff_t pointer... yes
checking whether timer_setup() is available... yes
checking whether timer function expects timer_list... yes
checking whether struct timer_list has flags... yes
checking whether super_block->s_user_ns exists... yes
checking whether proc_ops structure exists... yes
checking whether bops->check_events() exists... yes
checking whether bops->release() is void... yes
checking whether bops->revalidate_disk() exists... no
checking whether REQ_FAILFAST_MASK is defined... yes
checking whether REQ_DISCARD is defined... no
checking whether REQ_FLUSH is defined... no
checking whether REQ_PREFLUSH is defined... yes
checking whether REQ_OP_DISCARD is defined... yes
checking whether REQ_OP_SECURE_ERASE is defined... yes
checking whether REQ_OP_FLUSH is defined... yes
checking whether bio->bi_opf is defined... yes
checking whether bio_set_op_attrs is available... yes
checking whether bio_set_dev() is available... yes
checking whether bio_set_dev() is GPL-only... yes
checking whether bio_set_dev() is a macro... no
checking whether bio_end_io_t wants 1 arg... yes
checking whether bio->bi_status exists... yes
checking whether bio has bi_iter... yes
checking whether submit_bio() wants 1 arg... yes
checking whether current->bio_list exists... yes
checking whether blkg_tryget() is available... yes
checking whether blkg_tryget() is GPL-only... yes
checking whether bio->bi_bdev->bd_disk exists... yes
checking whether block_device_operations->submit_bio() returns void... yes
checking for existence of linux/blk-cgroup.h... yes
checking whether blkdev_get_by_path() exists... yes
checking whether blkdev_put() exists... yes
checking whether blkdev_reread_part() exists... no
checking whether invalidate_bdev() exists... yes
checking whether lookup_bdev() wants dev_t arg... yes
checking whether bdev_logical_block_size() is available... yes
checking whether bdev_physical_block_size() is available... yes
checking whether check_disk_change() exists... no
checking whether bdev_check_media_change() exists... yes
checking whether bdev_whole() is available... yes
checking whether blkdev_get_by_path() handles ERESTARTSYS... no
checking whether struct blk_plug is available... yes
checking whether blk_queue bdi is dynamic... no
checking whether blk_queue_update_readahead() exists... checking whether disk_update_readahead() exists... yes
checking whether blk_queue_discard() is available... yes
checking whether blk_queue_secure_erase() is available... yes
checking whether blk_queue_flag_set() exists... yes
checking whether blk_queue_flag_clear() exists... yes
checking whether blk_queue_flush() is available... no
checking whether blk_queue_write_cache() exists... yes
checking whether blk_queue_write_cache() is GPL-only... yes
checking whether blk_queue_max_hw_sectors() is available... yes
checking whether blk_queue_max_segments() is available... yes
checking whether revalidate_disk_size() is available... no
checking whether revalidate_disk() is available... no
checking whether get_disk_ro() is available... yes
checking whether generic_readlink is global... no
checking whether ql->discard_granularity is available... yes
checking whether inode_owner_or_capable() exists... no
checking whether inode_owner_or_capable() takes user_ns... yes
checking whether super_block uses const struct xattr_handler... yes
checking whether xattr_handler has name... yes
checking whether xattr_handler->get() wants dentry and inode... yes
checking whether xattr_handler->set() wants dentry, inode, and user_namespace... yes
checking whether xattr_handler->list() wants simple... yes
checking whether posix_acl_from_xattr() needs user_ns... yes
checking whether generic_setxattr() exists... no
checking whether posix_acl_release() is available... yes
checking whether posix_acl_release() is GPL-only... yes
checking whether set_cached_acl() is usable... yes
checking whether __posix_acl_chmod exists... yes
checking whether posix_acl_equiv_mode() wants umode_t... yes
checking whether posix_acl_valid() wants user namespace... yes
checking whether iops->get_acl() exists... yes
checking whether iops->set_acl() exists... yes
checking whether uncached_acl_sentinel() exists... yes
checking whether posix_acl has refcount_t... yes
checking whether iops->getattr() takes user_namespace... yes
checking whether inode_set_flags() exists... yes
checking whether inode_set_iversion() exists... yes
checking whether sops->show_options() wants dentry... yes
checking whether file_inode() is available... yes
checking whether file_dentry() is available... yes
checking whether fops->fsync() wants no dentry... no
checking whether fops->fsync() wants range... range
checking whether fops->aio_fsync() exists... no
checking whether sops->evict_inode() exists... yes
checking whether sops->dirty_inode() wants flags... yes
checking whether super_block has s_shrink... yes
checking whether shrink_control has nid... yes
checking whether new 2-argument shrinker exists... no
checking whether ->count_objects callback exists... yes
checking whether struct shrink_control exists... yes
checking whether iops->mkdir() takes struct user_namespace*... yes
checking whether iops->lookup() passes flags... yes
checking whether iops->create() takes struct user_namespace*... yes
checking whether iops->get_link() passes delayed... yes
checking whether i_op->tmpfile() exists... yes
checking whether dops->d_automount() exists... yes
checking whether eops->encode_fh() wants inode... yes
checking whether eops->commit_metadata() exists... yes
checking whether clear_inode() is available... yes
checking whether setattr_prepare() is available and accepts struct user_namespace*... yes
checking whether insert_inode_locked() is available... yes
checking whether d_make_root() is available... yes
checking whether d_obtain_alias() is available... yes
checking whether d_prune_aliases() is available... yes
checking whether d_set_d_op() is available... yes
checking whether dops->d_revalidate() takes struct nameidata... no
checking whether dentry uses const struct dentry_operations... yes
checking whether super_block has s_d_op... yes
checking whether truncate_setsize() is available... yes
checking whether security_inode_init_security wants callback... yes
checking whether fst->mount() exists... yes
checking whether super_setup_bdi_name() exists... yes
checking whether set_nlink() is available... yes
checking whether sget() wants 5 args... yes
checking whether lseek_execute() is available... no
checking whether vfs_getattr() wants 4 args... yes
checking whether vfs_getattr() wants 2 args... no
checking whether vfs_getattr() wants 3 args... no
checking whether vfs_fsync() wants 2 args... yes
checking whether fops->iterate_shared() is available... yes
checking whether aops->direct_IO() uses iov_iter... yes
checking whether fops->read/write_iter() are available... yes
checking whether new_sync_read/write() are available... no
checking whether generic_write_checks() takes kiocb... yes
checking whether iov_iter types are available... yes
checking whether iov_iter_advance() is available... yes
checking whether iov_iter_revert() is available... yes
checking whether iov_iter_fault_in_readable() is available... checking whether fault_in_iov_iter_readable() is available... yes
checking whether iov_iter_count() is available... yes
checking whether copy_to_iter() is available... yes
checking whether copy_from_iter() is available... yes
checking whether iov_iter_type() is available... yes
checking whether kmap_atomic wants 1 args... yes
checking whether follow_down_one() is available... yes
checking whether submit_bio is member of struct block_device_operations... yes
checking whether blk_alloc_disk() exists... yes
checking whether generic disk_*_io_acct() are available... yes
checking whether kernel fpu is available... internal with internal XSAVE
checking whether kernel defines fmode_t... yes
checking whether kuid_t/kgid_t is available... yes
checking whether i_(uid|gid)_(read|write) exist... yes
checking whether module_param_call() is hardened... yes
checking whether iops->rename() takes struct user_namespace*... yes
checking whether current_time() exists... yes
checking whether ns_capable exists... yes
checking whether has_capability() is available... yes
checking whether cred_t->user_ns exists... yes
checking whether kuid_has_mapping/kgid_has_mapping exist... yes
checking whether in_compat_syscall() is available... yes
checking whether ktime_get_coarse_real_ts64() exists... yes
checking whether ktime_get_raw_ts64() exists... yes
checking whether totalram_pages() exists... yes
checking whether totalhigh_pages() exists... yes
checking whether kstrtoul() exists... yes
checking whether percpu_counter_init() wants gfp_t... yes
checking whether percpu_counter_add_batch() is defined... yes
checking whether is inside percpu_ref.data... yes
checking whether CPU hotplug APIs exist... yes
checking whether generic_fillattr requires struct user_namespace*... yes
checking whether iops->mknod() takes struct user_namespace*... yes
checking whether iops->symlink() takes struct user_namespace*... yes
checking whether bio_max_segs() exists... yes
checking whether signal_stop() exists... yes
checking whether kernel_siginfo_t tyepedef exists... yes
checking whether set_special_state() exists... yes
checking __set_page_dirty_nobuffers exists... yes
checking whether standalone <linux/stdarg.h> exists... yes
checking folio_wait_bit() exists... yes
checking whether add_disk() returns int... yes
checking whether kthread_complete_and_exit() is available... yes
checking whether dequeue_signal() takes 4 arguments... yes
checking whether assertion support will be enabled... no
checking whether debuginfo support will be forced... no
checking whether basic kmem accounting is enabled... no
checking whether detailed kmem tracking is enabled... no
checking whether FreeBSD kernel INVARIANTS checks are enabled... no
checking that generated files are newer than configure... done
configure: creating ./config.status
config.status: creating Makefile
config.status: creating include/Makefile
config.status: creating include/os/Makefile
config.status: creating include/os/linux/Makefile
config.status: creating include/os/linux/kernel/Makefile
config.status: creating include/os/linux/kernel/linux/Makefile
config.status: creating include/os/linux/spl/Makefile
config.status: creating include/os/linux/spl/rpc/Makefile
config.status: creating include/os/linux/spl/sys/Makefile
config.status: creating include/os/linux/zfs/Makefile
config.status: creating include/os/linux/zfs/sys/Makefile
config.status: creating include/sys/Makefile
config.status: creating include/sys/crypto/Makefile
config.status: creating include/sys/fm/Makefile
config.status: creating include/sys/fm/fs/Makefile
config.status: creating include/sys/fs/Makefile
config.status: creating include/sys/lua/Makefile
config.status: creating include/sys/sysevent/Makefile
config.status: creating include/sys/zstd/Makefile
config.status: creating module/Kbuild
config.status: creating module/Makefile
config.status: creating module/avl/Makefile
config.status: creating module/icp/Makefile
config.status: creating module/lua/Makefile
config.status: creating module/nvpair/Makefile
config.status: creating module/os/linux/spl/Makefile
config.status: creating module/os/linux/zfs/Makefile
config.status: creating module/spl/Makefile
config.status: creating module/unicode/Makefile
config.status: creating module/zcommon/Makefile
config.status: creating module/zfs/Makefile
config.status: creating module/zstd/Makefile
config.status: creating zfs.release
config.status: creating zfs_config.h
config.status: executing depfiles commands
config.status: executing libtool commands
config.status: executing po-directories commands

Building module:
cleaning build area...
make -j8 KERNELRELEASE=5.17.4-surface..................

Running the post_build script:
cleaning build area...

zavl.ko:
Running module version sanity check.
 - Original module
   - No original module exists within this kernel
 - Installation
   - Installing to /lib/modules/5.17.4-surface/updates/dkms/

znvpair.ko:
Running module version sanity check.
 - Original module
   - No original module exists within this kernel
 - Installation
   - Installing to /lib/modules/5.17.4-surface/updates/dkms/

zunicode.ko:
Running module version sanity check.
 - Original module
   - No original module exists within this kernel
 - Installation
   - Installing to /lib/modules/5.17.4-surface/updates/dkms/

zcommon.ko:
Running module version sanity check.
 - Original module
   - No original module exists within this kernel
 - Installation
   - Installing to /lib/modules/5.17.4-surface/updates/dkms/

zfs.ko:
Running module version sanity check.
 - Original module
   - No original module exists within this kernel
 - Installation
   - Installing to /lib/modules/5.17.4-surface/updates/dkms/

icp.ko:
Running module version sanity check.
 - Original module
   - No original module exists within this kernel
 - Installation
   - Installing to /lib/modules/5.17.4-surface/updates/dkms/

zlua.ko:
Running module version sanity check.
 - Original module
   - No original module exists within this kernel
 - Installation
   - Installing to /lib/modules/5.17.4-surface/updates/dkms/

spl.ko:
Running module version sanity check.
 - Original module
   - No original module exists within this kernel
 - Installation
   - Installing to /lib/modules/5.17.4-surface/updates/dkms/

zzstd.ko:
Running module version sanity check.
 - Original module
   - No original module exists within this kernel
 - Installation
   - Installing to /lib/modules/5.17.4-surface/updates/dkms/

depmod...

Warning: Unable to find an initial ram disk that I know how to handle.
Will not try to make an initrd.
.
update-initramfs: Generating /boot/initrd.img-5.17.4-surface
W: Possible missing firmware /lib/firmware/i915/adlp_dmc_ver2_14.bin for module i915
I: The initramfs will attempt to resume from /dev/zd0
I: (UUID=23c272aa-9a4d-4c68-97e4-c07febcbf9f9)
I: Set the RESUME variable to override this.
Setting up linux-headers-5.17.4-surface (5.17.4-surface-1) ...
